<?xml version="1.0" encoding="UTF-8"?>
<coverage generated="1540503034049" clover="3.2.0">
  <project timestamp="1540503034050" name="All files">
    <metrics statements="118" coveredstatements="100" conditionals="29" coveredconditionals="14" methods="15" coveredmethods="13" elements="162" coveredelements="127" complexity="0" loc="118" ncloc="118" packages="4" files="6" classes="6">
      <package name="express-jobly">
        <metrics statements="28" coveredstatements="24" conditionals="10" coveredconditionals="6" methods="2" coveredmethods="1"/>
        <file name="app.js" path="/Users/JuanAreces/Desktop/express-jobly/app.js">
          <metrics statements="16" coveredstatements="13" conditionals="2" coveredconditionals="1" methods="2" coveredmethods="1"/>
          <line num="3" count="1" type="stmt"/>
          <line num="4" count="1" type="stmt"/>
          <line num="5" count="1" type="stmt"/>
          <line num="9" count="1" type="stmt"/>
          <line num="10" count="1" type="stmt"/>
          <line num="12" count="1" type="stmt"/>
          <line num="13" count="1" type="stmt"/>
          <line num="17" count="1" type="stmt"/>
          <line num="18" count="0" type="stmt"/>
          <line num="19" count="0" type="stmt"/>
          <line num="22" count="0" type="stmt"/>
          <line num="27" count="1" type="stmt"/>
          <line num="28" count="2" type="cond" truecount="1" falsecount="1"/>
          <line num="29" count="2" type="stmt"/>
          <line num="30" count="2" type="stmt"/>
          <line num="36" count="1" type="stmt"/>
        </file>
        <file name="config.js" path="/Users/JuanAreces/Desktop/express-jobly/config.js">
          <metrics statements="7" coveredstatements="6" conditionals="8" coveredconditionals="5" methods="0" coveredmethods="0"/>
          <line num="4" count="1" type="stmt"/>
          <line num="6" count="1" type="cond" truecount="2" falsecount="0"/>
          <line num="8" count="1" type="cond" truecount="2" falsecount="0"/>
          <line num="18" count="1" type="cond" truecount="1" falsecount="1"/>
          <line num="19" count="1" type="stmt"/>
          <line num="21" count="0" type="cond" truecount="0" falsecount="2"/>
          <line num="25" count="1" type="stmt"/>
        </file>
        <file name="db.js" path="/Users/JuanAreces/Desktop/express-jobly/db.js">
          <metrics statements="5" coveredstatements="5" conditionals="0" coveredconditionals="0" methods="0" coveredmethods="0"/>
          <line num="4" count="1" type="stmt"/>
          <line num="5" count="1" type="stmt"/>
          <line num="7" count="1" type="stmt"/>
          <line num="11" count="1" type="stmt"/>
          <line num="14" count="1" type="stmt"/>
        </file>
      </package>
      <package name="express-jobly.helpers">
        <metrics statements="16" coveredstatements="15" conditionals="2" coveredconditionals="1" methods="1" coveredmethods="1"/>
        <file name="partialUpdate.js" path="/Users/JuanAreces/Desktop/express-jobly/helpers/partialUpdate.js">
          <metrics statements="16" coveredstatements="15" conditionals="2" coveredconditionals="1" methods="1" coveredmethods="1"/>
          <line num="18" count="2" type="stmt"/>
          <line num="19" count="2" type="stmt"/>
          <line num="22" count="2" type="stmt"/>
          <line num="23" count="4" type="cond" truecount="1" falsecount="1"/>
          <line num="24" count="0" type="stmt"/>
          <line num="28" count="2" type="stmt"/>
          <line num="29" count="4" type="stmt"/>
          <line num="30" count="4" type="stmt"/>
          <line num="34" count="2" type="stmt"/>
          <line num="35" count="2" type="stmt"/>
          <line num="36" count="2" type="stmt"/>
          <line num="38" count="2" type="stmt"/>
          <line num="39" count="2" type="stmt"/>
          <line num="40" count="2" type="stmt"/>
          <line num="42" count="2" type="stmt"/>
          <line num="45" count="1" type="stmt"/>
        </file>
      </package>
      <package name="express-jobly.models">
        <metrics statements="32" coveredstatements="26" conditionals="8" coveredconditionals="2" methods="6" coveredmethods="5"/>
        <file name="company.js" path="/Users/JuanAreces/Desktop/express-jobly/models/company.js">
          <metrics statements="32" coveredstatements="26" conditionals="8" coveredconditionals="2" methods="6" coveredmethods="5"/>
          <line num="1" count="1" type="stmt"/>
          <line num="2" count="1" type="stmt"/>
          <line num="9" count="1" type="stmt"/>
          <line num="14" count="1" type="stmt"/>
          <line num="19" count="0" type="cond" truecount="0" falsecount="2"/>
          <line num="20" count="0" type="cond" truecount="0" falsecount="2"/>
          <line num="21" count="0" type="cond" truecount="0" falsecount="2"/>
          <line num="25" count="0" type="stmt"/>
          <line num="33" count="0" type="stmt"/>
          <line num="38" count="2" type="stmt"/>
          <line num="39" count="2" type="stmt"/>
          <line num="46" count="1" type="stmt"/>
          <line num="48" count="1" type="stmt"/>
          <line num="49" count="1" type="stmt"/>
          <line num="50" count="1" type="stmt"/>
          <line num="56" count="2" type="stmt"/>
          <line num="63" count="2" type="stmt"/>
          <line num="68" count="2" type="stmt"/>
          <line num="69" count="2" type="stmt"/>
          <line num="76" count="2" type="stmt"/>
          <line num="81" count="2" type="stmt"/>
          <line num="83" count="0" type="stmt"/>
          <line num="91" count="2" type="stmt"/>
          <line num="92" count="2" type="stmt"/>
          <line num="95" count="2" type="cond" truecount="2" falsecount="0"/>
          <line num="97" count="1" type="stmt"/>
          <line num="98" count="1" type="stmt"/>
          <line num="100" count="1" type="stmt"/>
          <line num="103" count="1" type="stmt"/>
          <line num="104" count="1" type="stmt"/>
          <line num="105" count="1" type="stmt"/>
          <line num="110" count="1" type="stmt"/>
        </file>
      </package>
      <package name="express-jobly.routes">
        <metrics statements="42" coveredstatements="35" conditionals="9" coveredconditionals="5" methods="6" coveredmethods="6"/>
        <file name="companies.js" path="/Users/JuanAreces/Desktop/express-jobly/routes/companies.js">
          <metrics statements="42" coveredstatements="35" conditionals="9" coveredconditionals="5" methods="6" coveredmethods="6"/>
          <line num="1" count="1" type="stmt"/>
          <line num="2" count="1" type="stmt"/>
          <line num="3" count="1" type="stmt"/>
          <line num="9" count="1" type="stmt"/>
          <line num="10" count="1" type="stmt"/>
          <line num="11" count="1" type="stmt"/>
          <line num="12" count="1" type="stmt"/>
          <line num="13" count="1" type="cond" truecount="3" falsecount="2"/>
          <line num="14" count="1" type="stmt"/>
          <line num="16" count="0" type="stmt"/>
          <line num="19" count="0" type="stmt"/>
          <line num="26" count="1" type="stmt"/>
          <line num="29" count="1" type="stmt"/>
          <line num="32" count="1" type="cond" truecount="1" falsecount="1"/>
          <line num="33" count="1" type="stmt"/>
          <line num="35" count="0" type="stmt"/>
          <line num="38" count="1" type="cond" truecount="1" falsecount="1"/>
          <line num="39" count="0" type="stmt"/>
          <line num="42" count="1" type="stmt"/>
          <line num="44" count="0" type="stmt"/>
          <line num="49" count="1" type="stmt"/>
          <line num="50" count="2" type="stmt"/>
          <line num="51" count="2" type="stmt"/>
          <line num="52" count="2" type="stmt"/>
          <line num="57" count="1" type="stmt"/>
          <line num="59" count="1" type="stmt"/>
          <line num="64" count="1" type="stmt"/>
          <line num="65" count="2" type="stmt"/>
          <line num="66" count="2" type="stmt"/>
          <line num="68" count="2" type="stmt"/>
          <line num="70" count="0" type="stmt"/>
          <line num="75" count="1" type="stmt"/>
          <line num="76" count="2" type="stmt"/>
          <line num="77" count="2" type="stmt"/>
          <line num="79" count="2" type="stmt"/>
          <line num="81" count="0" type="stmt"/>
          <line num="86" count="1" type="stmt"/>
          <line num="87" count="2" type="stmt"/>
          <line num="88" count="2" type="stmt"/>
          <line num="89" count="1" type="stmt"/>
          <line num="91" count="1" type="stmt"/>
          <line num="95" count="1" type="stmt"/>
        </file>
      </package>
    </metrics>
  </project>
</coverage>
