{"/Users/JuanAreces/Desktop/express-jobly/config.js": {"path":"/Users/JuanAreces/Desktop/express-jobly/config.js","statementMap":{"0":{"start":{"line":4,"column":0},"end":{"line":4,"column":27}},"1":{"start":{"line":6,"column":15},"end":{"line":6,"column":47}},"2":{"start":{"line":8,"column":13},"end":{"line":8,"column":38}},"3":{"start":{"line":18,"column":0},"end":{"line":22,"column":1}},"4":{"start":{"line":19,"column":2},"end":{"line":19,"column":24}},"5":{"start":{"line":21,"column":2},"end":{"line":21,"column":48}},"6":{"start":{"line":25,"column":0},"end":{"line":29,"column":2}}},"fnMap":{},"branchMap":{"0":{"loc":{"start":{"line":6,"column":15},"end":{"line":6,"column":47}},"type":"binary-expr","locations":[{"start":{"line":6,"column":15},"end":{"line":6,"column":37}},{"start":{"line":6,"column":41},"end":{"line":6,"column":47}}],"line":6},"1":{"loc":{"start":{"line":8,"column":13},"end":{"line":8,"column":38}},"type":"binary-expr","locations":[{"start":{"line":8,"column":13},"end":{"line":8,"column":30}},{"start":{"line":8,"column":34},"end":{"line":8,"column":38}}],"line":8},"2":{"loc":{"start":{"line":18,"column":0},"end":{"line":22,"column":1}},"type":"if","locations":[{"start":{"line":18,"column":0},"end":{"line":22,"column":1}},{"start":{"line":18,"column":0},"end":{"line":22,"column":1}}],"line":18},"3":{"loc":{"start":{"line":21,"column":12},"end":{"line":21,"column":47}},"type":"binary-expr","locations":[{"start":{"line":21,"column":12},"end":{"line":21,"column":36}},{"start":{"line":21,"column":40},"end":{"line":21,"column":47}}],"line":21}},"s":{"0":1,"1":1,"2":1,"3":1,"4":1,"5":0,"6":1},"f":{},"b":{"0":[1,1],"1":[1,1],"2":[1,0],"3":[0,0]},"_coverageSchema":"332fd63041d2c1bcb487cc26dd0d5f7d97098a6c","hash":"c0563cccc4e1a4a6c0f785d196375a7ace6cdc99"}
,"/Users/JuanAreces/Desktop/express-jobly/db.js": {"path":"/Users/JuanAreces/Desktop/express-jobly/db.js","statementMap":{"0":{"start":{"line":4,"column":19},"end":{"line":4,"column":32}},"1":{"start":{"line":5,"column":19},"end":{"line":5,"column":38}},"2":{"start":{"line":7,"column":15},"end":{"line":9,"column":2}},"3":{"start":{"line":11,"column":0},"end":{"line":11,"column":17}},"4":{"start":{"line":14,"column":0},"end":{"line":14,"column":24}}},"fnMap":{},"branchMap":{},"s":{"0":1,"1":1,"2":1,"3":1,"4":1},"f":{},"b":{},"_coverageSchema":"332fd63041d2c1bcb487cc26dd0d5f7d97098a6c","hash":"4afb102cfa269d4665f8630d7418a115607e8415"}
,"/Users/JuanAreces/Desktop/express-jobly/helpers/partialUpdate.js": {"path":"/Users/JuanAreces/Desktop/express-jobly/helpers/partialUpdate.js","statementMap":{"0":{"start":{"line":18,"column":12},"end":{"line":18,"column":13}},"1":{"start":{"line":19,"column":16},"end":{"line":19,"column":18}},"2":{"start":{"line":22,"column":2},"end":{"line":26,"column":3}},"3":{"start":{"line":23,"column":4},"end":{"line":25,"column":5}},"4":{"start":{"line":24,"column":6},"end":{"line":24,"column":24}},"5":{"start":{"line":28,"column":2},"end":{"line":31,"column":3}},"6":{"start":{"line":29,"column":4},"end":{"line":29,"column":38}},"7":{"start":{"line":30,"column":4},"end":{"line":30,"column":13}},"8":{"start":{"line":34,"column":13},"end":{"line":34,"column":31}},"9":{"start":{"line":35,"column":14},"end":{"line":35,"column":76}},"10":{"start":{"line":36,"column":2},"end":{"line":36,"column":38}},"11":{"start":{"line":38,"column":15},"end":{"line":38,"column":35}},"12":{"start":{"line":39,"column":2},"end":{"line":39,"column":18}},"13":{"start":{"line":40,"column":2},"end":{"line":40,"column":22}},"14":{"start":{"line":42,"column":2},"end":{"line":42,"column":27}},"15":{"start":{"line":45,"column":0},"end":{"line":45,"column":37}}},"fnMap":{"0":{"name":"sqlForPartialUpdate","decl":{"start":{"line":14,"column":15},"end":{"line":14,"column":34}},"loc":{"start":{"line":14,"column":58},"end":{"line":43,"column":1}},"line":14}},"branchMap":{"0":{"loc":{"start":{"line":23,"column":4},"end":{"line":25,"column":5}},"type":"if","locations":[{"start":{"line":23,"column":4},"end":{"line":25,"column":5}},{"start":{"line":23,"column":4},"end":{"line":25,"column":5}}],"line":23}},"s":{"0":3,"1":3,"2":3,"3":2,"4":0,"5":3,"6":2,"7":2,"8":3,"9":3,"10":3,"11":3,"12":2,"13":2,"14":2,"15":1},"f":{"0":3},"b":{"0":[0,2]},"_coverageSchema":"332fd63041d2c1bcb487cc26dd0d5f7d97098a6c","hash":"6420a368844698dd529988039d2677f8a4212687"}
,"/Users/JuanAreces/Desktop/express-jobly/models/company.js": {"path":"/Users/JuanAreces/Desktop/express-jobly/models/company.js","statementMap":{"0":{"start":{"line":1,"column":11},"end":{"line":1,"column":27}},"1":{"start":{"line":2,"column":28},"end":{"line":2,"column":63}},"2":{"start":{"line":9,"column":22},"end":{"line":13,"column":5}},"3":{"start":{"line":14,"column":4},"end":{"line":14,"column":26}},"4":{"start":{"line":19,"column":4},"end":{"line":19,"column":68}},"5":{"start":{"line":20,"column":4},"end":{"line":20,"column":74}},"6":{"start":{"line":21,"column":4},"end":{"line":21,"column":48}},"7":{"start":{"line":25,"column":25},"end":{"line":32,"column":5}},"8":{"start":{"line":33,"column":4},"end":{"line":33,"column":29}},"9":{"start":{"line":38,"column":4},"end":{"line":49,"column":5}},"10":{"start":{"line":39,"column":25},"end":{"line":44,"column":7}},"11":{"start":{"line":46,"column":6},"end":{"line":46,"column":32}},"12":{"start":{"line":48,"column":6},"end":{"line":48,"column":50}},"13":{"start":{"line":54,"column":4},"end":{"line":65,"column":5}},"14":{"start":{"line":55,"column":21},"end":{"line":60,"column":7}},"15":{"start":{"line":62,"column":6},"end":{"line":62,"column":28}},"16":{"start":{"line":64,"column":6},"end":{"line":64,"column":61}},"17":{"start":{"line":70,"column":4},"end":{"line":88,"column":5}},"18":{"start":{"line":71,"column":29},"end":{"line":76,"column":7}},"19":{"start":{"line":78,"column":29},"end":{"line":81,"column":7}},"20":{"start":{"line":83,"column":6},"end":{"line":83,"column":36}},"21":{"start":{"line":85,"column":6},"end":{"line":87,"column":8}},"22":{"start":{"line":93,"column":4},"end":{"line":98,"column":5}},"23":{"start":{"line":94,"column":6},"end":{"line":94,"column":72}},"24":{"start":{"line":95,"column":6},"end":{"line":95,"column":44}},"25":{"start":{"line":97,"column":6},"end":{"line":97,"column":61}},"26":{"start":{"line":102,"column":0},"end":{"line":102,"column":25}}},"fnMap":{"0":{"name":"(anonymous_0)","decl":{"start":{"line":8,"column":2},"end":{"line":8,"column":3}},"loc":{"start":{"line":8,"column":24},"end":{"line":15,"column":3}},"line":8},"1":{"name":"(anonymous_1)","decl":{"start":{"line":18,"column":2},"end":{"line":18,"column":3}},"loc":{"start":{"line":18,"column":64},"end":{"line":34,"column":3}},"line":18},"2":{"name":"(anonymous_2)","decl":{"start":{"line":37,"column":2},"end":{"line":37,"column":3}},"loc":{"start":{"line":37,"column":40},"end":{"line":50,"column":3}},"line":37},"3":{"name":"(anonymous_3)","decl":{"start":{"line":53,"column":2},"end":{"line":53,"column":3}},"loc":{"start":{"line":53,"column":30},"end":{"line":66,"column":3}},"line":53},"4":{"name":"(anonymous_4)","decl":{"start":{"line":69,"column":2},"end":{"line":69,"column":3}},"loc":{"start":{"line":69,"column":37},"end":{"line":89,"column":3}},"line":69},"5":{"name":"(anonymous_5)","decl":{"start":{"line":92,"column":2},"end":{"line":92,"column":3}},"loc":{"start":{"line":92,"column":30},"end":{"line":99,"column":3}},"line":92}},"branchMap":{"0":{"loc":{"start":{"line":19,"column":20},"end":{"line":19,"column":67}},"type":"cond-expr","locations":[{"start":{"line":19,"column":50},"end":{"line":19,"column":51}},{"start":{"line":19,"column":54},"end":{"line":19,"column":67}}],"line":19},"1":{"loc":{"start":{"line":20,"column":20},"end":{"line":20,"column":73}},"type":"cond-expr","locations":[{"start":{"line":20,"column":50},"end":{"line":20,"column":57}},{"start":{"line":20,"column":60},"end":{"line":20,"column":73}}],"line":20},"2":{"loc":{"start":{"line":21,"column":13},"end":{"line":21,"column":47}},"type":"cond-expr","locations":[{"start":{"line":21,"column":36},"end":{"line":21,"column":38}},{"start":{"line":21,"column":41},"end":{"line":21,"column":47}}],"line":21}},"s":{"0":1,"1":1,"2":1,"3":1,"4":12,"5":12,"6":12,"7":12,"8":12,"9":2,"10":2,"11":1,"12":1,"13":2,"14":2,"15":2,"16":0,"17":3,"18":3,"19":2,"20":2,"21":1,"22":1,"23":1,"24":1,"25":0,"26":1},"f":{"0":1,"1":12,"2":2,"3":2,"4":3,"5":1},"b":{"0":[6,6],"1":[6,6],"2":[6,6]},"_coverageSchema":"332fd63041d2c1bcb487cc26dd0d5f7d97098a6c","hash":"d10a9eaaa1544fc951628f4c89341666aac9011a"}
}
