{"/Users/JuanAreces/Desktop/express-jobly/app.js": {"path":"/Users/JuanAreces/Desktop/express-jobly/app.js","statementMap":{"0":{"start":{"line":3,"column":16},"end":{"line":3,"column":34}},"1":{"start":{"line":4,"column":12},"end":{"line":4,"column":21}},"2":{"start":{"line":5,"column":0},"end":{"line":5,"column":24}},"3":{"start":{"line":9,"column":15},"end":{"line":9,"column":32}},"4":{"start":{"line":10,"column":0},"end":{"line":10,"column":24}},"5":{"start":{"line":12,"column":22},"end":{"line":12,"column":58}},"6":{"start":{"line":13,"column":0},"end":{"line":13,"column":37}},"7":{"start":{"line":17,"column":0},"end":{"line":23,"column":3}},"8":{"start":{"line":18,"column":14},"end":{"line":18,"column":36}},"9":{"start":{"line":19,"column":2},"end":{"line":19,"column":19}},"10":{"start":{"line":22,"column":2},"end":{"line":22,"column":19}},"11":{"start":{"line":27,"column":0},"end":{"line":34,"column":3}},"12":{"start":{"line":28,"column":2},"end":{"line":28,"column":32}},"13":{"start":{"line":29,"column":2},"end":{"line":29,"column":39}},"14":{"start":{"line":30,"column":2},"end":{"line":33,"column":5}},"15":{"start":{"line":36,"column":0},"end":{"line":36,"column":21}}},"fnMap":{"0":{"name":"(anonymous_0)","decl":{"start":{"line":17,"column":8},"end":{"line":17,"column":9}},"loc":{"start":{"line":17,"column":33},"end":{"line":23,"column":1}},"line":17},"1":{"name":"(anonymous_1)","decl":{"start":{"line":27,"column":8},"end":{"line":27,"column":9}},"loc":{"start":{"line":27,"column":38},"end":{"line":34,"column":1}},"line":27}},"branchMap":{"0":{"loc":{"start":{"line":28,"column":13},"end":{"line":28,"column":30}},"type":"binary-expr","locations":[{"start":{"line":28,"column":13},"end":{"line":28,"column":23}},{"start":{"line":28,"column":27},"end":{"line":28,"column":30}}],"line":28}},"s":{"0":1,"1":1,"2":1,"3":1,"4":1,"5":1,"6":1,"7":1,"8":0,"9":0,"10":0,"11":1,"12":2,"13":2,"14":2,"15":1},"f":{"0":0,"1":2},"b":{"0":[2,0]},"_coverageSchema":"332fd63041d2c1bcb487cc26dd0d5f7d97098a6c","hash":"048a1b9f34978440582ae5f337095ddad8bc073d"}
,"/Users/JuanAreces/Desktop/express-jobly/config.js": {"path":"/Users/JuanAreces/Desktop/express-jobly/config.js","statementMap":{"0":{"start":{"line":4,"column":0},"end":{"line":4,"column":27}},"1":{"start":{"line":6,"column":15},"end":{"line":6,"column":47}},"2":{"start":{"line":8,"column":13},"end":{"line":8,"column":38}},"3":{"start":{"line":18,"column":0},"end":{"line":22,"column":1}},"4":{"start":{"line":19,"column":2},"end":{"line":19,"column":24}},"5":{"start":{"line":21,"column":2},"end":{"line":21,"column":48}},"6":{"start":{"line":25,"column":0},"end":{"line":29,"column":2}}},"fnMap":{},"branchMap":{"0":{"loc":{"start":{"line":6,"column":15},"end":{"line":6,"column":47}},"type":"binary-expr","locations":[{"start":{"line":6,"column":15},"end":{"line":6,"column":37}},{"start":{"line":6,"column":41},"end":{"line":6,"column":47}}],"line":6},"1":{"loc":{"start":{"line":8,"column":13},"end":{"line":8,"column":38}},"type":"binary-expr","locations":[{"start":{"line":8,"column":13},"end":{"line":8,"column":30}},{"start":{"line":8,"column":34},"end":{"line":8,"column":38}}],"line":8},"2":{"loc":{"start":{"line":18,"column":0},"end":{"line":22,"column":1}},"type":"if","locations":[{"start":{"line":18,"column":0},"end":{"line":22,"column":1}},{"start":{"line":18,"column":0},"end":{"line":22,"column":1}}],"line":18},"3":{"loc":{"start":{"line":21,"column":12},"end":{"line":21,"column":47}},"type":"binary-expr","locations":[{"start":{"line":21,"column":12},"end":{"line":21,"column":36}},{"start":{"line":21,"column":40},"end":{"line":21,"column":47}}],"line":21}},"s":{"0":1,"1":1,"2":1,"3":1,"4":1,"5":0,"6":1},"f":{},"b":{"0":[1,1],"1":[1,1],"2":[1,0],"3":[0,0]},"_coverageSchema":"332fd63041d2c1bcb487cc26dd0d5f7d97098a6c","hash":"c0563cccc4e1a4a6c0f785d196375a7ace6cdc99"}
,"/Users/JuanAreces/Desktop/express-jobly/db.js": {"path":"/Users/JuanAreces/Desktop/express-jobly/db.js","statementMap":{"0":{"start":{"line":4,"column":19},"end":{"line":4,"column":32}},"1":{"start":{"line":5,"column":19},"end":{"line":5,"column":38}},"2":{"start":{"line":7,"column":15},"end":{"line":9,"column":2}},"3":{"start":{"line":11,"column":0},"end":{"line":11,"column":17}},"4":{"start":{"line":14,"column":0},"end":{"line":14,"column":24}}},"fnMap":{},"branchMap":{},"s":{"0":1,"1":1,"2":1,"3":1,"4":1},"f":{},"b":{},"_coverageSchema":"332fd63041d2c1bcb487cc26dd0d5f7d97098a6c","hash":"4afb102cfa269d4665f8630d7418a115607e8415"}
,"/Users/JuanAreces/Desktop/express-jobly/helpers/partialUpdate.js": {"path":"/Users/JuanAreces/Desktop/express-jobly/helpers/partialUpdate.js","statementMap":{"0":{"start":{"line":18,"column":12},"end":{"line":18,"column":13}},"1":{"start":{"line":19,"column":16},"end":{"line":19,"column":18}},"2":{"start":{"line":22,"column":2},"end":{"line":26,"column":3}},"3":{"start":{"line":23,"column":4},"end":{"line":25,"column":5}},"4":{"start":{"line":24,"column":6},"end":{"line":24,"column":24}},"5":{"start":{"line":28,"column":2},"end":{"line":31,"column":3}},"6":{"start":{"line":29,"column":4},"end":{"line":29,"column":38}},"7":{"start":{"line":30,"column":4},"end":{"line":30,"column":13}},"8":{"start":{"line":34,"column":13},"end":{"line":34,"column":31}},"9":{"start":{"line":35,"column":14},"end":{"line":35,"column":76}},"10":{"start":{"line":36,"column":2},"end":{"line":36,"column":38}},"11":{"start":{"line":38,"column":15},"end":{"line":38,"column":35}},"12":{"start":{"line":39,"column":2},"end":{"line":39,"column":18}},"13":{"start":{"line":40,"column":2},"end":{"line":40,"column":22}},"14":{"start":{"line":42,"column":2},"end":{"line":42,"column":27}},"15":{"start":{"line":45,"column":0},"end":{"line":45,"column":37}}},"fnMap":{"0":{"name":"sqlForPartialUpdate","decl":{"start":{"line":14,"column":15},"end":{"line":14,"column":34}},"loc":{"start":{"line":14,"column":58},"end":{"line":43,"column":1}},"line":14}},"branchMap":{"0":{"loc":{"start":{"line":23,"column":4},"end":{"line":25,"column":5}},"type":"if","locations":[{"start":{"line":23,"column":4},"end":{"line":25,"column":5}},{"start":{"line":23,"column":4},"end":{"line":25,"column":5}}],"line":23}},"s":{"0":2,"1":2,"2":2,"3":4,"4":0,"5":2,"6":4,"7":4,"8":2,"9":2,"10":2,"11":2,"12":2,"13":2,"14":2,"15":1},"f":{"0":2},"b":{"0":[0,4]},"_coverageSchema":"332fd63041d2c1bcb487cc26dd0d5f7d97098a6c","hash":"6420a368844698dd529988039d2677f8a4212687"}
,"/Users/JuanAreces/Desktop/express-jobly/models/company.js": {"path":"/Users/JuanAreces/Desktop/express-jobly/models/company.js","statementMap":{"0":{"start":{"line":1,"column":11},"end":{"line":1,"column":27}},"1":{"start":{"line":2,"column":28},"end":{"line":2,"column":63}},"2":{"start":{"line":9,"column":22},"end":{"line":13,"column":5}},"3":{"start":{"line":14,"column":4},"end":{"line":14,"column":26}},"4":{"start":{"line":19,"column":4},"end":{"line":19,"column":68}},"5":{"start":{"line":20,"column":4},"end":{"line":20,"column":74}},"6":{"start":{"line":21,"column":4},"end":{"line":21,"column":48}},"7":{"start":{"line":25,"column":25},"end":{"line":32,"column":5}},"8":{"start":{"line":33,"column":4},"end":{"line":33,"column":29}},"9":{"start":{"line":38,"column":4},"end":{"line":51,"column":5}},"10":{"start":{"line":39,"column":25},"end":{"line":44,"column":7}},"11":{"start":{"line":46,"column":6},"end":{"line":46,"column":32}},"12":{"start":{"line":48,"column":20},"end":{"line":48,"column":57}},"13":{"start":{"line":49,"column":6},"end":{"line":49,"column":25}},"14":{"start":{"line":50,"column":6},"end":{"line":50,"column":18}},"15":{"start":{"line":56,"column":19},"end":{"line":61,"column":5}},"16":{"start":{"line":63,"column":4},"end":{"line":63,"column":26}},"17":{"start":{"line":68,"column":4},"end":{"line":86,"column":5}},"18":{"start":{"line":69,"column":29},"end":{"line":74,"column":7}},"19":{"start":{"line":76,"column":29},"end":{"line":79,"column":7}},"20":{"start":{"line":81,"column":6},"end":{"line":81,"column":36}},"21":{"start":{"line":83,"column":6},"end":{"line":85,"column":8}},"22":{"start":{"line":91,"column":4},"end":{"line":106,"column":5}},"23":{"start":{"line":92,"column":20},"end":{"line":94,"column":8}},"24":{"start":{"line":95,"column":6},"end":{"line":101,"column":7}},"25":{"start":{"line":97,"column":20},"end":{"line":97,"column":68}},"26":{"start":{"line":98,"column":8},"end":{"line":98,"column":20}},"27":{"start":{"line":100,"column":8},"end":{"line":100,"column":46}},"28":{"start":{"line":103,"column":18},"end":{"line":103,"column":66}},"29":{"start":{"line":104,"column":6},"end":{"line":104,"column":25}},"30":{"start":{"line":105,"column":6},"end":{"line":105,"column":18}},"31":{"start":{"line":110,"column":0},"end":{"line":110,"column":25}}},"fnMap":{"0":{"name":"(anonymous_0)","decl":{"start":{"line":8,"column":2},"end":{"line":8,"column":3}},"loc":{"start":{"line":8,"column":24},"end":{"line":15,"column":3}},"line":8},"1":{"name":"(anonymous_1)","decl":{"start":{"line":18,"column":2},"end":{"line":18,"column":3}},"loc":{"start":{"line":18,"column":64},"end":{"line":34,"column":3}},"line":18},"2":{"name":"(anonymous_2)","decl":{"start":{"line":37,"column":2},"end":{"line":37,"column":3}},"loc":{"start":{"line":37,"column":40},"end":{"line":52,"column":3}},"line":37},"3":{"name":"(anonymous_3)","decl":{"start":{"line":55,"column":2},"end":{"line":55,"column":3}},"loc":{"start":{"line":55,"column":30},"end":{"line":64,"column":3}},"line":55},"4":{"name":"(anonymous_4)","decl":{"start":{"line":67,"column":2},"end":{"line":67,"column":3}},"loc":{"start":{"line":67,"column":37},"end":{"line":87,"column":3}},"line":67},"5":{"name":"(anonymous_5)","decl":{"start":{"line":90,"column":2},"end":{"line":90,"column":3}},"loc":{"start":{"line":90,"column":30},"end":{"line":107,"column":3}},"line":90}},"branchMap":{"0":{"loc":{"start":{"line":19,"column":20},"end":{"line":19,"column":67}},"type":"cond-expr","locations":[{"start":{"line":19,"column":50},"end":{"line":19,"column":51}},{"start":{"line":19,"column":54},"end":{"line":19,"column":67}}],"line":19},"1":{"loc":{"start":{"line":20,"column":20},"end":{"line":20,"column":73}},"type":"cond-expr","locations":[{"start":{"line":20,"column":50},"end":{"line":20,"column":57}},{"start":{"line":20,"column":60},"end":{"line":20,"column":73}}],"line":20},"2":{"loc":{"start":{"line":21,"column":13},"end":{"line":21,"column":47}},"type":"cond-expr","locations":[{"start":{"line":21,"column":36},"end":{"line":21,"column":38}},{"start":{"line":21,"column":41},"end":{"line":21,"column":47}}],"line":21},"3":{"loc":{"start":{"line":95,"column":6},"end":{"line":101,"column":7}},"type":"if","locations":[{"start":{"line":95,"column":6},"end":{"line":101,"column":7}},{"start":{"line":95,"column":6},"end":{"line":101,"column":7}}],"line":95}},"s":{"0":1,"1":1,"2":1,"3":1,"4":0,"5":0,"6":0,"7":0,"8":0,"9":2,"10":2,"11":1,"12":1,"13":1,"14":1,"15":2,"16":2,"17":2,"18":2,"19":2,"20":2,"21":0,"22":2,"23":2,"24":2,"25":1,"26":1,"27":1,"28":1,"29":1,"30":1,"31":1},"f":{"0":1,"1":0,"2":2,"3":2,"4":2,"5":2},"b":{"0":[0,0],"1":[0,0],"2":[0,0],"3":[1,1]},"_coverageSchema":"332fd63041d2c1bcb487cc26dd0d5f7d97098a6c","hash":"aa0829cb0ec6ce7d08f61722fcd3faf717accbdd"}
,"/Users/JuanAreces/Desktop/express-jobly/routes/companies.js": {"path":"/Users/JuanAreces/Desktop/express-jobly/routes/companies.js","statementMap":{"0":{"start":{"line":1,"column":16},"end":{"line":1,"column":34}},"1":{"start":{"line":2,"column":15},"end":{"line":2,"column":35}},"2":{"start":{"line":3,"column":16},"end":{"line":3,"column":44}},"3":{"start":{"line":9,"column":2},"end":{"line":20,"column":3}},"4":{"start":{"line":10,"column":14},"end":{"line":10,"column":38}},"5":{"start":{"line":11,"column":4},"end":{"line":11,"column":21}},"6":{"start":{"line":12,"column":14},"end":{"line":12,"column":38}},"7":{"start":{"line":13,"column":4},"end":{"line":17,"column":5}},"8":{"start":{"line":14,"column":6},"end":{"line":14,"column":20}},"9":{"start":{"line":16,"column":6},"end":{"line":16,"column":37}},"10":{"start":{"line":19,"column":4},"end":{"line":19,"column":74}},"11":{"start":{"line":26,"column":0},"end":{"line":46,"column":3}},"12":{"start":{"line":29,"column":2},"end":{"line":45,"column":3}},"13":{"start":{"line":32,"column":4},"end":{"line":36,"column":5}},"14":{"start":{"line":33,"column":6},"end":{"line":33,"column":41}},"15":{"start":{"line":35,"column":6},"end":{"line":35,"column":50}},"16":{"start":{"line":38,"column":4},"end":{"line":40,"column":5}},"17":{"start":{"line":39,"column":6},"end":{"line":39,"column":58}},"18":{"start":{"line":42,"column":4},"end":{"line":42,"column":35}},"19":{"start":{"line":44,"column":4},"end":{"line":44,"column":21}},"20":{"start":{"line":49,"column":0},"end":{"line":61,"column":3}},"21":{"start":{"line":50,"column":2},"end":{"line":60,"column":3}},"22":{"start":{"line":51,"column":29},"end":{"line":51,"column":37}},"23":{"start":{"line":52,"column":20},"end":{"line":55,"column":6}},"24":{"start":{"line":57,"column":4},"end":{"line":57,"column":33}},"25":{"start":{"line":59,"column":4},"end":{"line":59,"column":21}},"26":{"start":{"line":64,"column":0},"end":{"line":72,"column":3}},"27":{"start":{"line":65,"column":2},"end":{"line":71,"column":3}},"28":{"start":{"line":66,"column":20},"end":{"line":66,"column":59}},"29":{"start":{"line":68,"column":4},"end":{"line":68,"column":33}},"30":{"start":{"line":70,"column":4},"end":{"line":70,"column":21}},"31":{"start":{"line":75,"column":0},"end":{"line":83,"column":3}},"32":{"start":{"line":76,"column":2},"end":{"line":82,"column":3}},"33":{"start":{"line":77,"column":20},"end":{"line":77,"column":69}},"34":{"start":{"line":79,"column":4},"end":{"line":79,"column":33}},"35":{"start":{"line":81,"column":4},"end":{"line":81,"column":21}},"36":{"start":{"line":86,"column":0},"end":{"line":93,"column":3}},"37":{"start":{"line":87,"column":2},"end":{"line":92,"column":3}},"38":{"start":{"line":88,"column":20},"end":{"line":88,"column":59}},"39":{"start":{"line":89,"column":4},"end":{"line":89,"column":29}},"40":{"start":{"line":91,"column":4},"end":{"line":91,"column":21}},"41":{"start":{"line":95,"column":0},"end":{"line":95,"column":40}}},"fnMap":{"0":{"name":"minMaxSize","decl":{"start":{"line":8,"column":9},"end":{"line":8,"column":19}},"loc":{"start":{"line":8,"column":36},"end":{"line":21,"column":1}},"line":8},"1":{"name":"(anonymous_1)","decl":{"start":{"line":26,"column":28},"end":{"line":26,"column":29}},"loc":{"start":{"line":26,"column":59},"end":{"line":46,"column":1}},"line":26},"2":{"name":"(anonymous_2)","decl":{"start":{"line":49,"column":17},"end":{"line":49,"column":18}},"loc":{"start":{"line":49,"column":48},"end":{"line":61,"column":1}},"line":49},"3":{"name":"(anonymous_3)","decl":{"start":{"line":64,"column":23},"end":{"line":64,"column":24}},"loc":{"start":{"line":64,"column":54},"end":{"line":72,"column":1}},"line":64},"4":{"name":"(anonymous_4)","decl":{"start":{"line":75,"column":25},"end":{"line":75,"column":26}},"loc":{"start":{"line":75,"column":56},"end":{"line":83,"column":1}},"line":75},"5":{"name":"(anonymous_5)","decl":{"start":{"line":86,"column":26},"end":{"line":86,"column":27}},"loc":{"start":{"line":86,"column":57},"end":{"line":93,"column":1}},"line":86}},"branchMap":{"0":{"loc":{"start":{"line":13,"column":4},"end":{"line":17,"column":5}},"type":"if","locations":[{"start":{"line":13,"column":4},"end":{"line":17,"column":5}},{"start":{"line":13,"column":4},"end":{"line":17,"column":5}}],"line":13},"1":{"loc":{"start":{"line":13,"column":8},"end":{"line":13,"column":45}},"type":"binary-expr","locations":[{"start":{"line":13,"column":8},"end":{"line":13,"column":17}},{"start":{"line":13,"column":21},"end":{"line":13,"column":31}},{"start":{"line":13,"column":35},"end":{"line":13,"column":45}}],"line":13},"2":{"loc":{"start":{"line":32,"column":4},"end":{"line":36,"column":5}},"type":"if","locations":[{"start":{"line":32,"column":4},"end":{"line":36,"column":5}},{"start":{"line":32,"column":4},"end":{"line":36,"column":5}}],"line":32},"3":{"loc":{"start":{"line":38,"column":4},"end":{"line":40,"column":5}},"type":"if","locations":[{"start":{"line":38,"column":4},"end":{"line":40,"column":5}},{"start":{"line":38,"column":4},"end":{"line":40,"column":5}}],"line":38}},"s":{"0":1,"1":1,"2":1,"3":1,"4":1,"5":1,"6":1,"7":1,"8":1,"9":0,"10":0,"11":1,"12":1,"13":1,"14":1,"15":0,"16":1,"17":0,"18":1,"19":0,"20":1,"21":2,"22":2,"23":2,"24":1,"25":1,"26":1,"27":2,"28":2,"29":2,"30":0,"31":1,"32":2,"33":2,"34":2,"35":0,"36":1,"37":2,"38":2,"39":1,"40":1,"41":1},"f":{"0":1,"1":1,"2":2,"3":2,"4":2,"5":2},"b":{"0":[1,0],"1":[1,1,0],"2":[1,0],"3":[0,1]},"_coverageSchema":"332fd63041d2c1bcb487cc26dd0d5f7d97098a6c","hash":"c3bc7f1ae2fafbac3a426658401fa54013b2c071"}
}
