TN:
SF:/Users/JuanAreces/Desktop/express-jobly/app.js
FN:17,(anonymous_0)
FN:27,(anonymous_1)
FNF:2
FNH:1
FNDA:0,(anonymous_0)
FNDA:2,(anonymous_1)
DA:3,1
DA:4,1
DA:5,1
DA:9,1
DA:10,1
DA:12,1
DA:13,1
DA:17,1
DA:18,0
DA:19,0
DA:22,0
DA:27,1
DA:28,2
DA:29,2
DA:30,2
DA:36,1
LF:16
LH:13
BRDA:28,0,0,2
BRDA:28,0,1,0
BRF:2
BRH:1
end_of_record
TN:
SF:/Users/JuanAreces/Desktop/express-jobly/config.js
FNF:0
FNH:0
DA:4,1
DA:6,1
DA:8,1
DA:18,1
DA:19,1
DA:21,0
DA:25,1
LF:7
LH:6
BRDA:6,0,0,1
BRDA:6,0,1,1
BRDA:8,1,0,1
BRDA:8,1,1,1
BRDA:18,2,0,1
BRDA:18,2,1,0
BRDA:21,3,0,0
BRDA:21,3,1,0
BRF:8
BRH:5
end_of_record
TN:
SF:/Users/JuanAreces/Desktop/express-jobly/db.js
FNF:0
FNH:0
DA:4,1
DA:5,1
DA:7,1
DA:11,1
DA:14,1
LF:5
LH:5
BRF:0
BRH:0
end_of_record
TN:
SF:/Users/JuanAreces/Desktop/express-jobly/helpers/partialUpdate.js
FN:14,sqlForPartialUpdate
FNF:1
FNH:1
FNDA:2,sqlForPartialUpdate
DA:18,2
DA:19,2
DA:22,2
DA:23,4
DA:24,0
DA:28,2
DA:29,4
DA:30,4
DA:34,2
DA:35,2
DA:36,2
DA:38,2
DA:39,2
DA:40,2
DA:42,2
DA:45,1
LF:16
LH:15
BRDA:23,0,0,0
BRDA:23,0,1,4
BRF:2
BRH:1
end_of_record
TN:
SF:/Users/JuanAreces/Desktop/express-jobly/models/company.js
FN:8,(anonymous_0)
FN:18,(anonymous_1)
FN:37,(anonymous_2)
FN:55,(anonymous_3)
FN:67,(anonymous_4)
FN:90,(anonymous_5)
FNF:6
FNH:5
FNDA:1,(anonymous_0)
FNDA:0,(anonymous_1)
FNDA:2,(anonymous_2)
FNDA:2,(anonymous_3)
FNDA:2,(anonymous_4)
FNDA:2,(anonymous_5)
DA:1,1
DA:2,1
DA:9,1
DA:14,1
DA:19,0
DA:20,0
DA:21,0
DA:25,0
DA:33,0
DA:38,2
DA:39,2
DA:46,1
DA:48,1
DA:49,1
DA:50,1
DA:56,2
DA:63,2
DA:68,2
DA:69,2
DA:76,2
DA:81,2
DA:83,0
DA:91,2
DA:92,2
DA:95,2
DA:97,1
DA:98,1
DA:100,1
DA:103,1
DA:104,1
DA:105,1
DA:110,1
LF:32
LH:26
BRDA:19,0,0,0
BRDA:19,0,1,0
BRDA:20,1,0,0
BRDA:20,1,1,0
BRDA:21,2,0,0
BRDA:21,2,1,0
BRDA:95,3,0,1
BRDA:95,3,1,1
BRF:8
BRH:2
end_of_record
TN:
SF:/Users/JuanAreces/Desktop/express-jobly/routes/companies.js
FN:8,minMaxSize
FN:26,(anonymous_1)
FN:49,(anonymous_2)
FN:64,(anonymous_3)
FN:75,(anonymous_4)
FN:86,(anonymous_5)
FNF:6
FNH:6
FNDA:1,minMaxSize
FNDA:1,(anonymous_1)
FNDA:2,(anonymous_2)
FNDA:2,(anonymous_3)
FNDA:2,(anonymous_4)
FNDA:2,(anonymous_5)
DA:1,1
DA:2,1
DA:3,1
DA:9,1
DA:10,1
DA:11,1
DA:12,1
DA:13,1
DA:14,1
DA:16,0
DA:19,0
DA:26,1
DA:29,1
DA:32,1
DA:33,1
DA:35,0
DA:38,1
DA:39,0
DA:42,1
DA:44,0
DA:49,1
DA:50,2
DA:51,2
DA:52,2
DA:57,1
DA:59,1
DA:64,1
DA:65,2
DA:66,2
DA:68,2
DA:70,0
DA:75,1
DA:76,2
DA:77,2
DA:79,2
DA:81,0
DA:86,1
DA:87,2
DA:88,2
DA:89,1
DA:91,1
DA:95,1
LF:42
LH:35
BRDA:13,0,0,1
BRDA:13,0,1,0
BRDA:13,1,0,1
BRDA:13,1,1,1
BRDA:13,1,2,0
BRDA:32,2,0,1
BRDA:32,2,1,0
BRDA:38,3,0,0
BRDA:38,3,1,1
BRF:9
BRH:5
end_of_record
