TN:
SF:/Users/JuanAreces/Desktop/express-jobly/config.js
FNF:0
FNH:0
DA:4,1
DA:6,1
DA:8,1
DA:18,1
DA:19,1
DA:21,0
DA:25,1
LF:7
LH:6
BRDA:6,0,0,1
BRDA:6,0,1,1
BRDA:8,1,0,1
BRDA:8,1,1,1
BRDA:18,2,0,1
BRDA:18,2,1,0
BRDA:21,3,0,0
BRDA:21,3,1,0
BRF:8
BRH:5
end_of_record
TN:
SF:/Users/JuanAreces/Desktop/express-jobly/db.js
FNF:0
FNH:0
DA:4,1
DA:5,1
DA:7,1
DA:11,1
DA:14,1
LF:5
LH:5
BRF:0
BRH:0
end_of_record
TN:
SF:/Users/JuanAreces/Desktop/express-jobly/helpers/partialUpdate.js
FN:14,sqlForPartialUpdate
FNF:1
FNH:1
FNDA:3,sqlForPartialUpdate
DA:18,3
DA:19,3
DA:22,3
DA:23,2
DA:24,0
DA:28,3
DA:29,2
DA:30,2
DA:34,3
DA:35,3
DA:36,3
DA:38,3
DA:39,2
DA:40,2
DA:42,2
DA:45,1
LF:16
LH:15
BRDA:23,0,0,0
BRDA:23,0,1,2
BRF:2
BRH:1
end_of_record
TN:
SF:/Users/JuanAreces/Desktop/express-jobly/models/company.js
FN:8,(anonymous_0)
FN:18,(anonymous_1)
FN:37,(anonymous_2)
FN:53,(anonymous_3)
FN:69,(anonymous_4)
FN:92,(anonymous_5)
FNF:6
FNH:6
FNDA:1,(anonymous_0)
FNDA:12,(anonymous_1)
FNDA:2,(anonymous_2)
FNDA:2,(anonymous_3)
FNDA:3,(anonymous_4)
FNDA:1,(anonymous_5)
DA:1,1
DA:2,1
DA:9,1
DA:14,1
DA:19,12
DA:20,12
DA:21,12
DA:25,12
DA:33,12
DA:38,2
DA:39,2
DA:46,1
DA:48,1
DA:54,2
DA:55,2
DA:62,2
DA:64,0
DA:70,3
DA:71,3
DA:78,2
DA:83,2
DA:85,1
DA:93,1
DA:94,1
DA:95,1
DA:97,0
DA:102,1
LF:27
LH:25
BRDA:19,0,0,6
BRDA:19,0,1,6
BRDA:20,1,0,6
BRDA:20,1,1,6
BRDA:21,2,0,6
BRDA:21,2,1,6
BRF:6
BRH:6
end_of_record
